This file contains any messages produced by compilers while
running configure, to aid debugging if configure makes a mistake.

It was created by Tkhtml configure 3.0, which was
generated by GNU Autoconf 2.59.  Invocation command line was

  $ ../configure CC=gcc -static-libgcc --with-tcl=/mingw64/lib --with-tk=/mingw64/lib --with-tclinclude=/mingw64/include --with-tkinclude=/mingw64/include

## --------- ##
## Platform. ##
## --------- ##

hostname = DESKTOP-D8JQH20
uname -m = x86_64
uname -r = 3.5.3-d8b21b8c.x86_64
uname -s = MINGW64_NT-10.0-19045
uname -v = 2024-07-09 18:03 UTC

/usr/bin/uname -p = unknown
/bin/uname -X     = unknown

/bin/arch              = x86_64
/usr/bin/arch -k       = unknown
/usr/convex/getsysinfo = unknown
hostinfo               = unknown
/bin/machine           = unknown
/usr/bin/oslevel       = unknown
/bin/universe          = unknown

PATH: /mingw64/bin
PATH: /mingw64/bin
PATH: /usr/local/bin
PATH: /usr/bin
PATH: /bin
PATH: /c/WINDOWS/System32
PATH: /c/WINDOWS
PATH: /c/WINDOWS/System32/Wbem
PATH: /c/WINDOWS/System32/WindowsPowerShell/v1.0/
PATH: /usr/bin/site_perl
PATH: /usr/bin/vendor_perl
PATH: /usr/bin/core_perl


## ----------- ##
## Core tests. ##
## ----------- ##

configure:1218: loading site script /etc/config.site
| # This file is in public domain.
| # Original author: Karlson2k (Evgeny Grin)
| # Written for MSys2 to help running 'configure' scripts
| 
| # Defaults for MSys2/MinGW64-targeted programs
| 
| # Set proper selfname on bash and fallback to default name on other shells
| test -n "${BASH_SOURCE}" 2>/dev/null && config_site_me="${BASH_SOURCE[0]##*/}" || config_site_me=config.site
| 
| # Set default 'host' to speedup configure
| if test -z "$build_alias"; then
|   build_alias="${MSYSTEM_CHOST}"  && \
|     ${as_echo-echo} "$config_site_me:${as_lineno-$LINENO}: default build_alias set to $build_alias" >&5
| fi
| 
| # Set default 'prefix'
| if ( test -z "$prefix" || test "x$prefix" = "xNONE" ) && \
|     ( test -z "$exec_prefix" || test "x$exec_prefix" = "xNONE" ); then
|   prefix="${MSYSTEM_PREFIX}" && \
|     ${as_echo-echo} "$config_site_me:${as_lineno-$LINENO}: default prefix set to $prefix" >&5
| fi
config.site:13: default build_alias set to x86_64-w64-mingw32
config.site:20: default prefix set to /mingw64
configure:1337: checking for correct TEA configuration
configure:1356: result: ok (TEA 3.5)
configure:1482: checking for Tcl configuration
configure:1598: result: found /mingw64/lib/tclConfig.sh
configure:1604: checking for existence of /mingw64/lib/tclConfig.sh
configure:1608: result: loading
configure:1698: checking for Tk configuration
configure:1814: result: found /mingw64/lib/tkConfig.sh
configure:1820: checking for existence of /mingw64/lib/tkConfig.sh
configure:1824: result: loading
configure:1931: --exec-prefix defaulting to TCL_EXEC_PREFIX /mingw64
configure:2005: checking for gcc
configure:2031: result: gcc -static-libgcc
configure:2275: checking for C compiler version
configure:2278: gcc -static-libgcc --version </dev/null >&5
gcc.exe (Rev3, Built by MSYS2 project) 14.1.0
Copyright (C) 2024 Free Software Foundation, Inc.
This is free software; see the source for copying conditions.  There is NO
warranty; not even for MERCHANTABILITY or FITNESS FOR A PARTICULAR PURPOSE.

configure:2281: $? = 0
configure:2283: gcc -static-libgcc -v </dev/null >&5
Using built-in specs.
COLLECT_GCC=G:\msys64\mingw64\bin\gcc.exe
COLLECT_LTO_WRAPPER=G:/msys64/mingw64/bin/../lib/gcc/x86_64-w64-mingw32/14.1.0/lto-wrapper.exe
Target: x86_64-w64-mingw32
Configured with: ../gcc-14.1.0/configure --prefix=/mingw64 --with-local-prefix=/mingw64/local --build=x86_64-w64-mingw32 --host=x86_64-w64-mingw32 --target=x86_64-w64-mingw32 --with-native-system-header-dir=/mingw64/include --libexecdir=/mingw64/lib --enable-bootstrap --enable-checking=release --with-arch=nocona --with-tune=generic --enable-languages=c,lto,c++,fortran,ada,objc,obj-c++,rust,jit --enable-shared --enable-static --enable-libatomic --enable-threads=posix --enable-graphite --enable-fully-dynamic-string --enable-libstdcxx-filesystem-ts --enable-libstdcxx-time --disable-libstdcxx-pch --enable-lto --enable-libgomp --disable-libssp --disable-multilib --disable-rpath --disable-win32-registry --disable-nls --disable-werror --disable-symvers --with-libiconv --with-system-zlib --with-gmp=/mingw64 --with-mpfr=/mingw64 --with-mpc=/mingw64 --with-isl=/mingw64 --with-pkgversion='Rev3, Built by MSYS2 project' --with-bugurl=https://github.com/msys2/MINGW-packages/issues --with-gnu-as --with-gnu-ld --disable-libstdcxx-debug --enable-plugin --with-boot-ldflags=-static-libstdc++ --with-stage1-ldflags=-static-libstdc++
Thread model: posix
Supported LTO compression algorithms: zlib zstd
gcc version 14.1.0 (Rev3, Built by MSYS2 project) 
configure:2286: $? = 0
configure:2288: gcc -static-libgcc -V </dev/null >&5
gcc.exe: error: unrecognized command-line option '-V'
gcc.exe: fatal error: no input files
compilation terminated.
configure:2291: $? = 1
configure:2314: checking for C compiler default output file name
configure:2317: gcc -static-libgcc    conftest.c  >&5
configure:2320: $? = 0
configure:2366: result: a.exe
configure:2371: checking whether the C compiler works
configure:2377: ./a.exe
configure:2380: $? = 0
configure:2397: result: yes
configure:2404: checking whether we are cross compiling
configure:2406: result: no
configure:2409: checking for suffix of executables
configure:2411: gcc -static-libgcc -o conftest.exe    conftest.c  >&5
configure:2414: $? = 0
configure:2439: result: .exe
configure:2445: checking for suffix of object files
configure:2466: gcc -static-libgcc -c   conftest.c >&5
configure:2469: $? = 0
configure:2491: result: o
configure:2495: checking whether we are using the GNU C compiler
configure:2519: gcc -static-libgcc -c   conftest.c >&5

## ---------------- ##
## Cache variables. ##
## ---------------- ##

ac_cv_c_tclconfig=/mingw64/lib
ac_cv_c_tkconfig=/mingw64/lib
ac_cv_env_CC_set=set
ac_cv_env_CC_value='gcc -static-libgcc'
ac_cv_env_CFLAGS_set=
ac_cv_env_CFLAGS_value=
ac_cv_env_CPPFLAGS_set=
ac_cv_env_CPPFLAGS_value=
ac_cv_env_CPP_set=
ac_cv_env_CPP_value=
ac_cv_env_LDFLAGS_set=
ac_cv_env_LDFLAGS_value=
ac_cv_env_build_alias_set=
ac_cv_env_build_alias_value=
ac_cv_env_host_alias_set=
ac_cv_env_host_alias_value=
ac_cv_env_target_alias_set=
ac_cv_env_target_alias_value=
ac_cv_exeext=.exe
ac_cv_objext=o
ac_cv_prog_ac_ct_CC='gcc -static-libgcc'

## ----------------- ##
## Output variables. ##
## ----------------- ##

AR=''
CC='gcc -static-libgcc'
CELIB_DIR=''
CFLAGS=''
CFLAGS_DEBUG=''
CFLAGS_DEFAULT=''
CFLAGS_OPTIMIZE=''
CFLAGS_WARNING=''
CLEANFILES=''
CPP=''
CPPFLAGS=''
CYGPATH='echo'
DEFS=''
DL_LIBS=''
ECHO_C=''
ECHO_N='-n'
ECHO_T=''
EGREP=''
EXEEXT='.exe'
INSTALL_DATA=''
INSTALL_PROGRAM=''
INSTALL_SCRIPT=''
LDFLAGS=''
LDFLAGS_DEFAULT=''
LD_LIBRARY_PATH_VAR=''
LIBOBJS=''
LIBS=''
LTLIBOBJS=''
MAKE_LIB=''
MAKE_SHARED_LIB=''
MAKE_STATIC_LIB=''
MAKE_STUB_LIB=''
MATH_LIBS=''
OBJEXT='o'
PACKAGE_BUGREPORT=''
PACKAGE_NAME='Tkhtml'
PACKAGE_STRING='Tkhtml 3.0'
PACKAGE_TARNAME='tkhtml'
PACKAGE_VERSION='3.0'
PATH_SEPARATOR=':'
PKG_CFLAGS=''
PKG_HEADERS=''
PKG_INCLUDES=''
PKG_LIBS=''
PKG_LIB_FILE=''
PKG_OBJECTS=''
PKG_SOURCES=''
PKG_STUB_LIB_FILE=''
PKG_STUB_OBJECTS=''
PKG_STUB_SOURCES=''
PKG_TCL_SOURCES=''
RANLIB=''
RANLIB_STUB=''
SET_MAKE=''
SHARED_BUILD=''
SHELL='/bin/sh'
SHLIB_CFLAGS=''
SHLIB_LD=''
SHLIB_LD_LIBS=''
STLIB_LD=''
TCLSH_PROG=''
TCL_BIN_DIR='/mingw64/lib'
TCL_DBGX=''
TCL_DEFS='-DPACKAGE_NAME=\"tcl\" -DPACKAGE_TARNAME=\"tcl\" -DPACKAGE_VERSION=\"8.6\" -DPACKAGE_STRING=\"tcl\ 8.6\" -DPACKAGE_BUGREPORT=\"\" -DPACKAGE_URL=\"\" -DHAVE_STDIO_H=1 -DHAVE_STDLIB_H=1 -DHAVE_STRING_H=1 -DHAVE_INTTYPES_H=1 -DHAVE_STDINT_H=1 -DHAVE_STRINGS_H=1 -DHAVE_SYS_STAT_H=1 -DHAVE_SYS_TYPES_H=1 -DHAVE_UNISTD_H=1 -DSTDC_HEADERS=1 -DTCL_THREADS=1 -DUSE_THREAD_ALLOC=1 -DTCL_CFGVAL_ENCODING=\"cp1252\" -DMODULE_SCOPE=extern -DTCL_CFG_DO64BIT=1 -DHAVE_NO_SEH=1 -DHAVE_CAST_TO_UNION=1 -DHAVE_ZLIB=1 -DHAVE_INTPTR_T=1 -DHAVE_UINTPTR_T=1 -DHAVE_INTRIN_H=1 -DHAVE_WSPIAPI_H=1 -DNDEBUG=1 -DTCL_CFG_OPTIMIZED=1'
TCL_EXTRA_CFLAGS='-pipe -DHAVE_CPUID=1'
TCL_INCLUDES=''
TCL_LD_FLAGS='-pipe'
TCL_LIBS='-lnetapi32 -lkernel32 -luser32 -ladvapi32 -luserenv -lws2_32'
TCL_LIB_FILE='libtcl86.dll.a'
TCL_LIB_FLAG='-ltcl86'
TCL_LIB_SPEC='-L/mingw64/lib -ltcl86'
TCL_SHLIB_LD_LIBS='${LIBS}'
TCL_SRC_DIR='/mingw64/include/tcl8.6/tcl-private'
TCL_STUB_LIB_FILE='libtclstub86.a'
TCL_STUB_LIB_FLAG='-ltclstub86'
TCL_STUB_LIB_SPEC='-L/mingw64/lib -ltclstub86'
TCL_THREADS='1'
TCL_VERSION='8.6'
TK_BIN_DIR='/mingw64/lib'
TK_INCLUDES=''
TK_LIBS='-lnetapi32 -lkernel32 -luser32 -ladvapi32 -luserenv -lws2_32 -lgdi32 -lcomdlg32 -limm32 -lcomctl32 -lshell32 -luuid -lole32 -loleaut32'
TK_LIB_FILE='libtk86.dll.a'
TK_LIB_FLAG='-ltk86'
TK_LIB_SPEC='-L/mingw64/lib -ltk86'
TK_SRC_DIR='/mingw64/include/tk8.6/tk-private'
TK_STUB_LIB_FILE='libtkstub86.a'
TK_STUB_LIB_FLAG='-ltkstub86'
TK_STUB_LIB_SPEC='-L/mingw64/lib -ltkstub86'
TK_VERSION='8.6'
TK_XINCLUDES=''
WISH_PROG=''
ac_ct_CC='gcc -static-libgcc'
ac_ct_RANLIB=''
bindir='${exec_prefix}/bin'
build_alias='x86_64-w64-mingw32'
datadir='${prefix}/share'
exec_prefix='/mingw64'
host_alias=''
includedir='${prefix}/include'
infodir='${prefix}/info'
libdir='${exec_prefix}/lib'
libexecdir='${exec_prefix}/libexec'
localstatedir='${prefix}/var'
mandir='${prefix}/man'
oldincludedir='/usr/include'
prefix='/mingw64'
program_transform_name='s,x,x,'
sbindir='${exec_prefix}/sbin'
sharedstatedir='${prefix}/com'
sysconfdir='${prefix}/etc'
target_alias=''

## ----------- ##
## confdefs.h. ##
## ----------- ##

#define PACKAGE_BUGREPORT ""
#define PACKAGE_NAME "Tkhtml"
#define PACKAGE_STRING "Tkhtml 3.0"
#define PACKAGE_TARNAME "tkhtml"
#define PACKAGE_VERSION "3.0"

configure: caught signal 1
configure: exit 1
